2026-05-12 05:54:21 +0000 [MT] Initial pipeline context: <IDEDistributionProcessingPipelineContext: 0xc290a1500; archive(resolved)="<IDEArchive: 0xc29168070>", distributionTask(resolved)="2", distributionDestination(resolved)="1", distributionMethod(resolved)="<IDEDistributionMethodDevelopmentSignedMac: 0xc2a854540>", team(resolved)="<IDEProvisioningBasicTeam: 0xc2b50e1a0; teamID='72UFS7AJ5R', teamName='Oleksii Chumak'>">
	Chain (11, self inclusive):
	<IDEDistributionProcessingPipelineContext: 0xc290a1500; archive = "<IDEArchive: 0xc29168070>", distributionMethod="<IDEDistributionMethodDevelopmentSignedMac: 0xc2a854540>", team="<IDEProvisioningBasicTeam: 0xc2b50e1a0; teamID='72UFS7AJ5R', teamName='Oleksii Chumak'>">
	<IDEDistributionProcessingPipelineContext: 0xc290a0c00; archive = "<IDEArchive: 0xc29168070>", distributionMethod="<IDEDistributionMethodDevelopmentSignedMac: 0xc2a854540>", team="<IDEProvisioningBasicTeam: 0xc2b50e1a0; teamID='72UFS7AJ5R', teamName='Oleksii Chumak'>">
	<IDEDistributionContext: 0xc29219180; archive = "<IDEArchive: 0xc29168070>", distributionMethod="<IDEDistributionMethodDevelopmentSignedMac: 0xc2a854540>", team="<IDEProvisioningBasicTeam: 0xc2b50e1a0; teamID='72UFS7AJ5R', teamName='Oleksii Chumak'>">
	<IDEDistributionContext: 0xc29218f00; archive = "<IDEArchive: 0xc29168070>", distributionMethod="<IDEDistributionMethodDevelopmentSignedMac: 0xc2a854540>", team="<IDEProvisioningBasicTeam: 0xc2b50e1a0; teamID='72UFS7AJ5R', teamName='Oleksii Chumak'>">
	<IDEDistributionContext: 0xc29218c80; archive = "<IDEArchive: 0xc29168070>", distributionMethod="<IDEDistributionMethodDevelopmentSignedMac: 0xc2a854540>", team="<IDEProvisioningBasicTeam: 0xc2b50e1a0; teamID='72UFS7AJ5R', teamName='Oleksii Chumak'>">
	<IDEDistributionContext: 0xc29218a00; archive = "<IDEArchive: 0xc29168070>", distributionMethod="<IDEDistributionMethodDevelopmentSignedMac: 0xc2a854540>", team="<IDEProvisioningBasicTeam: 0xc2b50e1a0; teamID='72UFS7AJ5R', teamName='Oleksii Chumak'>">
	<IDEDistributionContext: 0xc29218780; archive = "<IDEArchive: 0xc29168070>", distributionMethod="<IDEDistributionMethodDevelopmentSignedMac: 0xc2a854540>", team="<IDEProvisioningBasicTeam: 0xc2b50e1a0; teamID='72UFS7AJ5R', teamName='Oleksii Chumak'>">
	<IDEDistributionContext: 0xc29218500; archive = "<IDEArchive: 0xc29168070>", distributionMethod="<IDEDistributionMethodDevelopmentSignedMac: 0xc2a854540>", team="<IDEProvisioningBasicTeam: 0xc2b50e1a0; teamID='72UFS7AJ5R', teamName='Oleksii Chumak'>">
	<IDEDistributionContext: 0xc29218280; archive = "<IDEArchive: 0xc29168070>", distributionMethod="<IDEDistributionMethodDevelopmentSignedMac: 0xc2a854540>", team="(null)">
	<IDEDistributionContext: 0xc29218000; archive = "<IDEArchive: 0xc29168070>", distributionMethod="<IDEDistributionMethodDevelopmentSignedMac: 0xc2a854540>", team="(null)">
	<IDEDistributionContext: 0x102a96870; archive = "<IDEArchive: 0xc29168070>", distributionMethod="(null)", team="(null)">
</IDEDistributionProcessingPipelineContext: 0xc290a1500>
2026-05-12 05:54:21 +0000 [MT] Processing step: IDEDistributionCreateDestRootStep
2026-05-12 05:54:21 +0000 [MT] Processing step: IDEDistributionCopyItemStep
2026-05-12 05:54:21 +0000 [MT] Running /usr/bin/ditto '-V' '/Users/oleksiichumak/Developer/Xcode.projects/MeetMind/MeetMind_v126.xcarchive/Products/Applications/MeetMind.app' '/var/folders/qc/430ysx8j1bz2tflsfj5sgpl80000gn/T/XcodeDistPipeline.~~~1MxYWO/Root/Applications/MeetMind.app'
2026-05-12 05:54:21 +0000  >>> Copying /Users/oleksiichumak/Developer/Xcode.projects/MeetMind/MeetMind_v126.xcarchive/Products/Applications/MeetMind.app 
2026-05-12 05:54:21 +0000  copying file ./Contents/_CodeSignature/CodeResources ... 
2026-05-12 05:54:21 +0000  3414 bytes for ./Contents/_CodeSignature/CodeResources
2026-05-12 05:54:21 +0000  copying file ./Contents/MacOS/MeetMind ... 
2026-05-12 05:54:21 +0000  14980336 bytes for ./Contents/MacOS/MeetMind
2026-05-12 05:54:21 +0000  copying file ./Contents/Resources/en.lproj/Localizable.strings ... 
2026-05-12 05:54:21 +0000  7428 bytes for ./Contents/Resources/en.lproj/Localizable.strings
2026-05-12 05:54:21 +0000  copying file ./Contents/Resources/uk.lproj/Localizable.strings ... 
2026-05-12 05:54:21 +0000  7570 bytes for ./Contents/Resources/uk.lproj/Localizable.strings
2026-05-12 05:54:21 +0000  copying file ./Contents/Resources/AppIcon.icns ... 
2026-05-12 05:54:21 +0000  159502 bytes for ./Contents/Resources/AppIcon.icns
2026-05-12 05:54:21 +0000  copying file ./Contents/Resources/Assets.car ... 
2026-05-12 05:54:21 +0000  3244808 bytes for ./Contents/Resources/Assets.car
2026-05-12 05:54:21 +0000  copying file ./Contents/Info.plist ... 
2026-05-12 05:54:21 +0000  1866 bytes for ./Contents/Info.plist
2026-05-12 05:54:21 +0000  copying file ./Contents/PkgInfo ... 
2026-05-12 05:54:21 +0000  8 bytes for ./Contents/PkgInfo
2026-05-12 05:54:21 +0000 [MT] /usr/bin/ditto exited with 0
2026-05-12 05:54:21 +0000 [MT] Processing step: IDEDistributionEmbedProfileStep
2026-05-12 05:54:21 +0000 [MT] Skipping profile for item: <IDEDistributionItem: 0xc2a831740; bundleID='oleksii.chumak.MeetMind', path='<DVTFilePath:0xc291057a0:'/Users/oleksiichumak/Developer/Xcode.projects/MeetMind/MeetMind_v126.xcarchive/Products/Applications/MeetMind.app'>', codeSigningInfo='<_DVTCodeSigningInformation_Path: 0xc2a8315c0; isSigned='1', isAdHocSigned='0', signingCertificate='<DVTSigningCertificate: 0xc2c12f3c0; name='Apple Development: oleksiichumak@icloud.com (7ZQJXJJY95)', hash='1F9E32F2F45D627643181561E33B428DA20E519F', serialNumber='D70F592BDD903A18325B2CFF99FEA98', certificateKinds='(
    "1.2.840.113635.100.6.1.12",
    "1.2.840.113635.100.6.1.2"
), issueDate='2026-05-06 13:30:29 +0000''>', entitlements='{
    "com.apple.security.app-sandbox" = 1;
    "com.apple.security.device.audio-input" = 1;
    "com.apple.security.files.downloads.read-write" = 1;
    "com.apple.security.files.user-selected.read-write" = 1;
    "com.apple.security.network.client" = 1;
}', teamID='72UFS7AJ5R', identifier='oleksii.chumak.MeetMind', executablePath='<DVTFilePath:0xc2a830ba0:'/Users/oleksiichumak/Developer/Xcode.projects/MeetMind/MeetMind_v126.xcarchive/Products/Applications/MeetMind.app/Contents/MacOS/MeetMind'>', hardenedRuntime='1'>'>
2026-05-12 05:54:21 +0000 [MT] Processing step: IDEDistributionInfoPlistStep
2026-05-12 05:54:21 +0000 [MT] Skipping step: IDEDistributionInfoPlistStep because it said so
2026-05-12 05:54:21 +0000 [MT] Processing step: IDEDistributionAppThinningPlistStep
2026-05-12 05:54:21 +0000 [MT] Processing step: IDEDistributionSymbolsStep
2026-05-12 05:54:21 +0000 [MT] Skipping step: IDEDistributionSymbolsStep because it said so
2026-05-12 05:54:21 +0000 [MT] Processing step: IDEDistributionAppThinningStep
2026-05-12 05:54:21 +0000 [MT] Skipping step: IDEDistributionAppThinningStep because it said so
2026-05-12 05:54:21 +0000 [MT] Processing step: IDEDistributionArchThinningStep
2026-05-12 05:54:21 +0000 [MT] Archs to thin for item /Users/oleksiichumak/Developer/Xcode.projects/MeetMind/MeetMind_v126.xcarchive/Products/Applications/MeetMind.app are []
2026-05-12 05:54:21 +0000 [MT] Processing step: IDEDistributionODRStep
2026-05-12 05:54:21 +0000 [MT] Processing step: IDEDistributionStripXattrsStep
2026-05-12 05:54:21 +0000 [MT] Skipping stripping extended attributes because the codesign step will strip them.
2026-05-12 05:54:21 +0000 [MT] Processing step: IDEDistributionCodesignStep
2026-05-12 05:54:21 +0000 [MT] Entitlements for <IDEDistributionItem: 0xc2a831740; bundleID='oleksii.chumak.MeetMind', path='<DVTFilePath:0xc291057a0:'/Users/oleksiichumak/Developer/Xcode.projects/MeetMind/MeetMind_v126.xcarchive/Products/Applications/MeetMind.app'>', codeSigningInfo='<_DVTCodeSigningInformation_Path: 0xc2a8315c0; isSigned='1', isAdHocSigned='0', signingCertificate='<DVTSigningCertificate: 0xc2c12f3c0; name='Apple Development: oleksiichumak@icloud.com (7ZQJXJJY95)', hash='1F9E32F2F45D627643181561E33B428DA20E519F', serialNumber='D70F592BDD903A18325B2CFF99FEA98', certificateKinds='(
    "1.2.840.113635.100.6.1.12",
    "1.2.840.113635.100.6.1.2"
), issueDate='2026-05-06 13:30:29 +0000''>', entitlements='{
    "com.apple.security.app-sandbox" = 1;
    "com.apple.security.device.audio-input" = 1;
    "com.apple.security.files.downloads.read-write" = 1;
    "com.apple.security.files.user-selected.read-write" = 1;
    "com.apple.security.network.client" = 1;
}', teamID='72UFS7AJ5R', identifier='oleksii.chumak.MeetMind', executablePath='<DVTFilePath:0xc2a830ba0:'/Users/oleksiichumak/Developer/Xcode.projects/MeetMind/MeetMind_v126.xcarchive/Products/Applications/MeetMind.app/Contents/MacOS/MeetMind'>', hardenedRuntime='1'>'>: {
    "com.apple.security.app-sandbox" = 1;
    "com.apple.security.device.audio-input" = 1;
    "com.apple.security.files.downloads.read-write" = 1;
    "com.apple.security.files.user-selected.read-write" = 1;
    "com.apple.security.network.client" = 1;
}
2026-05-12 05:54:21 +0000 [MT] Associated App Clip Identifiers Filter: Skipping because "com.apple.developer.associated-appclip-app-identifiers" is not present
2026-05-12 05:54:21 +0000 [MT] Entitlements for <IDEDistributionItem: 0xc2a831740; bundleID='oleksii.chumak.MeetMind', path='<DVTFilePath:0xc291057a0:'/Users/oleksiichumak/Developer/Xcode.projects/MeetMind/MeetMind_v126.xcarchive/Products/Applications/MeetMind.app'>', codeSigningInfo='<_DVTCodeSigningInformation_Path: 0xc2a8315c0; isSigned='1', isAdHocSigned='0', signingCertificate='<DVTSigningCertificate: 0xc2c12f240; name='Apple Development: oleksiichumak@icloud.com (7ZQJXJJY95)', hash='1F9E32F2F45D627643181561E33B428DA20E519F', serialNumber='D70F592BDD903A18325B2CFF99FEA98', certificateKinds='(
    "1.2.840.113635.100.6.1.12",
    "1.2.840.113635.100.6.1.2"
), issueDate='2026-05-06 13:30:29 +0000''>', entitlements='{
    "com.apple.security.app-sandbox" = 1;
    "com.apple.security.device.audio-input" = 1;
    "com.apple.security.files.downloads.read-write" = 1;
    "com.apple.security.files.user-selected.read-write" = 1;
    "com.apple.security.network.client" = 1;
}', teamID='72UFS7AJ5R', identifier='oleksii.chumak.MeetMind', executablePath='<DVTFilePath:0xc2a830ba0:'/Users/oleksiichumak/Developer/Xcode.projects/MeetMind/MeetMind_v126.xcarchive/Products/Applications/MeetMind.app/Contents/MacOS/MeetMind'>', hardenedRuntime='1'>'> are: {
    "com.apple.security.app-sandbox" = 1;
    "com.apple.security.device.audio-input" = 1;
    "com.apple.security.files.downloads.read-write" = 1;
    "com.apple.security.files.user-selected.read-write" = 1;
    "com.apple.security.network.client" = 1;
}
2026-05-12 05:54:21 +0000 [MT] Writing entitlements for <IDEDistributionItem: 0xc2a831740; bundleID='oleksii.chumak.MeetMind', path='<DVTFilePath:0xc291057a0:'/Users/oleksiichumak/Developer/Xcode.projects/MeetMind/MeetMind_v126.xcarchive/Products/Applications/MeetMind.app'>', codeSigningInfo='<_DVTCodeSigningInformation_Path: 0xc2a8315c0; isSigned='1', isAdHocSigned='0', signingCertificate='<DVTSigningCertificate: 0xc2c12f240; name='Apple Development: oleksiichumak@icloud.com (7ZQJXJJY95)', hash='1F9E32F2F45D627643181561E33B428DA20E519F', serialNumber='D70F592BDD903A18325B2CFF99FEA98', certificateKinds='(
    "1.2.840.113635.100.6.1.12",
    "1.2.840.113635.100.6.1.2"
), issueDate='2026-05-06 13:30:29 +0000''>', entitlements='{
    "com.apple.security.app-sandbox" = 1;
    "com.apple.security.device.audio-input" = 1;
    "com.apple.security.files.downloads.read-write" = 1;
    "com.apple.security.files.user-selected.read-write" = 1;
    "com.apple.security.network.client" = 1;
}', teamID='72UFS7AJ5R', identifier='oleksii.chumak.MeetMind', executablePath='<DVTFilePath:0xc2a830ba0:'/Users/oleksiichumak/Developer/Xcode.projects/MeetMind/MeetMind_v126.xcarchive/Products/Applications/MeetMind.app/Contents/MacOS/MeetMind'>', hardenedRuntime='1'>'> to: /var/folders/qc/430ysx8j1bz2tflsfj5sgpl80000gn/T/XcodeDistPipeline.~~~1MxYWO/entitlements~~~ZBGVTe
2026-05-12 05:54:21 +0000 [MT] invoking codesign: <NSConcreteTask: 0xc2b5b2d50; launchPath='/usr/bin/codesign', arguments='(
    "-f",
    "-s",
    1F9E32F2F45D627643181561E33B428DA20E519F,
    "--entitlements",
    "/var/folders/qc/430ysx8j1bz2tflsfj5sgpl80000gn/T/XcodeDistPipeline.~~~1MxYWO/entitlements~~~ZBGVTe",
    "--preserve-metadata=identifier,flags,runtime,launch-constraints,library-constraints",
    "--generate-entitlement-der",
    "--strip-disallowed-xattrs",
    "-vvv",
    "/var/folders/qc/430ysx8j1bz2tflsfj5sgpl80000gn/T/XcodeDistPipeline.~~~1MxYWO/Root/Applications/MeetMind.app"
)'>
2026-05-12 05:54:21 +0000 [MT] codesign output: /var/folders/qc/430ysx8j1bz2tflsfj5sgpl80000gn/T/XcodeDistPipeline.~~~1MxYWO/Root/Applications/MeetMind.app: replacing existing signature
/var/folders/qc/430ysx8j1bz2tflsfj5sgpl80000gn/T/XcodeDistPipeline.~~~1MxYWO/Root/Applications/MeetMind.app: signed app bundle with Mach-O universal (x86_64 arm64) [oleksii.chumak.MeetMind]
2026-05-12 05:54:21 +0000 [MT] Processing step: IDEDistributionZipODRItemStep
2026-05-12 05:54:21 +0000 [MT] Skipping step: IDEDistributionZipODRItemStep because it said so
2026-05-12 05:54:21 +0000 [MT] Processing step: IDEDistributionSkipPackagingStep
2026-05-12 05:54:21 +0000 [MT] Processing step: IDEDistributionAppStoreInformationStep
2026-05-12 05:54:21 +0000 [MT] Skipping step: IDEDistributionAppStoreInformationStep because it said so
2026-05-12 05:54:21 +0000 [MT] Processing step: IDEDistributionGenerateProcessedDistributionItems
2026-05-12 05:54:21 +0000 [MT] IDEDistributionItem init <DVTFilePath:0xc2a832280:'/var/folders/qc/430ysx8j1bz2tflsfj5sgpl80000gn/T/XcodeDistPipeline.~~~1MxYWO/Root/Applications/MeetMind.app'>
2026-05-12 05:54:21 +0000 [MT] [OPTIONAL] Didn't find embedded provisioning profile for <DVTFilePath:0xc2a832280:'/var/folders/qc/430ysx8j1bz2tflsfj5sgpl80000gn/T/XcodeDistPipeline.~~~1MxYWO/Root/Applications/MeetMind.app'>: Error Domain=NSCocoaErrorDomain Code=4 "No file at <DVTFilePath:0xc2a9367d0:'/var/folders/qc/430ysx8j1bz2tflsfj5sgpl80000gn/T/XcodeDistPipeline.~~~1MxYWO/Root/Applications/MeetMind.app/Contents/embedded.provisionprofile'>" UserInfo={NSLocalizedDescription=No file at <DVTFilePath:0xc2a9367d0:'/var/folders/qc/430ysx8j1bz2tflsfj5sgpl80000gn/T/XcodeDistPipeline.~~~1MxYWO/Root/Applications/MeetMind.app/Contents/embedded.provisionprofile'>}
2026-05-12 05:54:21 +0000 [MT] Processing step: IDEDistributionCreateManifestStep
2026-05-12 05:54:21 +0000 [MT] Skipping step: IDEDistributionCreateManifestStep because it said so
