2026-05-11 21:03:19 +0000 [MT] Initial pipeline context: <IDEDistributionProcessingPipelineContext: 0xb31f31500; archive(resolved)="<IDEArchive: 0xb31fd8070>", distributionTask(resolved)="2", distributionDestination(resolved)="1", distributionMethod(resolved)="<IDEDistributionMethodDevelopmentSignedMac: 0xb31e0aac0>", team(resolved)="<IDEProvisioningBasicTeam: 0xb332a55c0; teamID='72UFS7AJ5R', teamName='Oleksii Chumak'>">
	Chain (11, self inclusive):
	<IDEDistributionProcessingPipelineContext: 0xb31f31500; archive = "<IDEArchive: 0xb31fd8070>", distributionMethod="<IDEDistributionMethodDevelopmentSignedMac: 0xb31e0aac0>", team="<IDEProvisioningBasicTeam: 0xb332a55c0; teamID='72UFS7AJ5R', teamName='Oleksii Chumak'>">
	<IDEDistributionProcessingPipelineContext: 0xb31f30c00; archive = "<IDEArchive: 0xb31fd8070>", distributionMethod="<IDEDistributionMethodDevelopmentSignedMac: 0xb31e0aac0>", team="<IDEProvisioningBasicTeam: 0xb332a55c0; teamID='72UFS7AJ5R', teamName='Oleksii Chumak'>">
	<IDEDistributionContext: 0xb31075180; archive = "<IDEArchive: 0xb31fd8070>", distributionMethod="<IDEDistributionMethodDevelopmentSignedMac: 0xb31e0aac0>", team="<IDEProvisioningBasicTeam: 0xb332a55c0; teamID='72UFS7AJ5R', teamName='Oleksii Chumak'>">
	<IDEDistributionContext: 0xb31074f00; archive = "<IDEArchive: 0xb31fd8070>", distributionMethod="<IDEDistributionMethodDevelopmentSignedMac: 0xb31e0aac0>", team="<IDEProvisioningBasicTeam: 0xb332a55c0; teamID='72UFS7AJ5R', teamName='Oleksii Chumak'>">
	<IDEDistributionContext: 0xb31074c80; archive = "<IDEArchive: 0xb31fd8070>", distributionMethod="<IDEDistributionMethodDevelopmentSignedMac: 0xb31e0aac0>", team="<IDEProvisioningBasicTeam: 0xb332a55c0; teamID='72UFS7AJ5R', teamName='Oleksii Chumak'>">
	<IDEDistributionContext: 0xb31074a00; archive = "<IDEArchive: 0xb31fd8070>", distributionMethod="<IDEDistributionMethodDevelopmentSignedMac: 0xb31e0aac0>", team="<IDEProvisioningBasicTeam: 0xb332a55c0; teamID='72UFS7AJ5R', teamName='Oleksii Chumak'>">
	<IDEDistributionContext: 0xb31074780; archive = "<IDEArchive: 0xb31fd8070>", distributionMethod="<IDEDistributionMethodDevelopmentSignedMac: 0xb31e0aac0>", team="<IDEProvisioningBasicTeam: 0xb332a55c0; teamID='72UFS7AJ5R', teamName='Oleksii Chumak'>">
	<IDEDistributionContext: 0xb31074500; archive = "<IDEArchive: 0xb31fd8070>", distributionMethod="<IDEDistributionMethodDevelopmentSignedMac: 0xb31e0aac0>", team="<IDEProvisioningBasicTeam: 0xb332a55c0; teamID='72UFS7AJ5R', teamName='Oleksii Chumak'>">
	<IDEDistributionContext: 0xb31074280; archive = "<IDEArchive: 0xb31fd8070>", distributionMethod="<IDEDistributionMethodDevelopmentSignedMac: 0xb31e0aac0>", team="(null)">
	<IDEDistributionContext: 0xb31074000; archive = "<IDEArchive: 0xb31fd8070>", distributionMethod="<IDEDistributionMethodDevelopmentSignedMac: 0xb31e0aac0>", team="(null)">
	<IDEDistributionContext: 0x1011d6870; archive = "<IDEArchive: 0xb31fd8070>", distributionMethod="(null)", team="(null)">
</IDEDistributionProcessingPipelineContext: 0xb31f31500>
2026-05-11 21:03:19 +0000 [MT] Processing step: IDEDistributionCreateDestRootStep
2026-05-11 21:03:19 +0000 [MT] Processing step: IDEDistributionCopyItemStep
2026-05-11 21:03:19 +0000 [MT] Running /usr/bin/ditto '-V' '/Users/oleksiichumak/Developer/Xcode.projects/MeetMind/MeetMind_v123.xcarchive/Products/Applications/MeetMind.app' '/var/folders/qc/430ysx8j1bz2tflsfj5sgpl80000gn/T/XcodeDistPipeline.~~~HWbdQV/Root/Applications/MeetMind.app'
2026-05-11 21:03:19 +0000  >>> Copying /Users/oleksiichumak/Developer/Xcode.projects/MeetMind/MeetMind_v123.xcarchive/Products/Applications/MeetMind.app 
2026-05-11 21:03:19 +0000  copying file ./Contents/_CodeSignature/CodeResources ... 
2026-05-11 21:03:19 +0000  3414 bytes for ./Contents/_CodeSignature/CodeResources
2026-05-11 21:03:19 +0000  copying file ./Contents/MacOS/MeetMind ... 
2026-05-11 21:03:19 +0000  14850800 bytes for ./Contents/MacOS/MeetMind
2026-05-11 21:03:19 +0000  copying file ./Contents/Resources/en.lproj/Localizable.strings ... 
2026-05-11 21:03:19 +0000  2550 bytes for ./Contents/Resources/en.lproj/Localizable.strings
2026-05-11 21:03:19 +0000  copying file ./Contents/Resources/uk.lproj/Localizable.strings ... 
2026-05-11 21:03:19 +0000  2582 bytes for ./Contents/Resources/uk.lproj/Localizable.strings
2026-05-11 21:03:19 +0000  copying file ./Contents/Resources/AppIcon.icns ... 
2026-05-11 21:03:19 +0000  159502 bytes for ./Contents/Resources/AppIcon.icns
2026-05-11 21:03:19 +0000  copying file ./Contents/Resources/Assets.car ... 
2026-05-11 21:03:19 +0000  3244808 bytes for ./Contents/Resources/Assets.car
2026-05-11 21:03:19 +0000  copying file ./Contents/Info.plist ... 
2026-05-11 21:03:19 +0000  1866 bytes for ./Contents/Info.plist
2026-05-11 21:03:19 +0000  copying file ./Contents/PkgInfo ... 
2026-05-11 21:03:19 +0000  8 bytes for ./Contents/PkgInfo
2026-05-11 21:03:19 +0000 [MT] /usr/bin/ditto exited with 0
2026-05-11 21:03:19 +0000 [MT] Processing step: IDEDistributionEmbedProfileStep
2026-05-11 21:03:19 +0000 [MT] Skipping profile for item: <IDEDistributionItem: 0xb32dad860; bundleID='oleksii.chumak.MeetMind', path='<DVTFilePath:0xb31f91560:'/Users/oleksiichumak/Developer/Xcode.projects/MeetMind/MeetMind_v123.xcarchive/Products/Applications/MeetMind.app'>', codeSigningInfo='<_DVTCodeSigningInformation_Path: 0xb32dad7a0; isSigned='1', isAdHocSigned='0', signingCertificate='<DVTSigningCertificate: 0xb33b6ad00; name='Apple Development: oleksiichumak@icloud.com (7ZQJXJJY95)', hash='1F9E32F2F45D627643181561E33B428DA20E519F', serialNumber='D70F592BDD903A18325B2CFF99FEA98', certificateKinds='(
    "1.2.840.113635.100.6.1.12",
    "1.2.840.113635.100.6.1.2"
), issueDate='2026-05-06 13:30:29 +0000''>', entitlements='{
    "com.apple.security.app-sandbox" = 1;
    "com.apple.security.device.audio-input" = 1;
    "com.apple.security.files.downloads.read-write" = 1;
    "com.apple.security.files.user-selected.read-write" = 1;
    "com.apple.security.network.client" = 1;
}', teamID='72UFS7AJ5R', identifier='oleksii.chumak.MeetMind', executablePath='<DVTFilePath:0xb32dace40:'/Users/oleksiichumak/Developer/Xcode.projects/MeetMind/MeetMind_v123.xcarchive/Products/Applications/MeetMind.app/Contents/MacOS/MeetMind'>', hardenedRuntime='1'>'>
2026-05-11 21:03:19 +0000 [MT] Processing step: IDEDistributionInfoPlistStep
2026-05-11 21:03:19 +0000 [MT] Skipping step: IDEDistributionInfoPlistStep because it said so
2026-05-11 21:03:19 +0000 [MT] Processing step: IDEDistributionAppThinningPlistStep
2026-05-11 21:03:19 +0000 [MT] Processing step: IDEDistributionSymbolsStep
2026-05-11 21:03:19 +0000 [MT] Skipping step: IDEDistributionSymbolsStep because it said so
2026-05-11 21:03:19 +0000 [MT] Processing step: IDEDistributionAppThinningStep
2026-05-11 21:03:19 +0000 [MT] Skipping step: IDEDistributionAppThinningStep because it said so
2026-05-11 21:03:19 +0000 [MT] Processing step: IDEDistributionArchThinningStep
2026-05-11 21:03:19 +0000 [MT] Archs to thin for item /Users/oleksiichumak/Developer/Xcode.projects/MeetMind/MeetMind_v123.xcarchive/Products/Applications/MeetMind.app are []
2026-05-11 21:03:19 +0000 [MT] Processing step: IDEDistributionODRStep
2026-05-11 21:03:19 +0000 [MT] Processing step: IDEDistributionStripXattrsStep
2026-05-11 21:03:19 +0000 [MT] Skipping stripping extended attributes because the codesign step will strip them.
2026-05-11 21:03:19 +0000 [MT] Processing step: IDEDistributionCodesignStep
2026-05-11 21:03:19 +0000 [MT] Entitlements for <IDEDistributionItem: 0xb32dad860; bundleID='oleksii.chumak.MeetMind', path='<DVTFilePath:0xb31f91560:'/Users/oleksiichumak/Developer/Xcode.projects/MeetMind/MeetMind_v123.xcarchive/Products/Applications/MeetMind.app'>', codeSigningInfo='<_DVTCodeSigningInformation_Path: 0xb32dad7a0; isSigned='1', isAdHocSigned='0', signingCertificate='<DVTSigningCertificate: 0xb33b6ad00; name='Apple Development: oleksiichumak@icloud.com (7ZQJXJJY95)', hash='1F9E32F2F45D627643181561E33B428DA20E519F', serialNumber='D70F592BDD903A18325B2CFF99FEA98', certificateKinds='(
    "1.2.840.113635.100.6.1.12",
    "1.2.840.113635.100.6.1.2"
), issueDate='2026-05-06 13:30:29 +0000''>', entitlements='{
    "com.apple.security.app-sandbox" = 1;
    "com.apple.security.device.audio-input" = 1;
    "com.apple.security.files.downloads.read-write" = 1;
    "com.apple.security.files.user-selected.read-write" = 1;
    "com.apple.security.network.client" = 1;
}', teamID='72UFS7AJ5R', identifier='oleksii.chumak.MeetMind', executablePath='<DVTFilePath:0xb32dace40:'/Users/oleksiichumak/Developer/Xcode.projects/MeetMind/MeetMind_v123.xcarchive/Products/Applications/MeetMind.app/Contents/MacOS/MeetMind'>', hardenedRuntime='1'>'>: {
    "com.apple.security.app-sandbox" = 1;
    "com.apple.security.device.audio-input" = 1;
    "com.apple.security.files.downloads.read-write" = 1;
    "com.apple.security.files.user-selected.read-write" = 1;
    "com.apple.security.network.client" = 1;
}
2026-05-11 21:03:19 +0000 [MT] Associated App Clip Identifiers Filter: Skipping because "com.apple.developer.associated-appclip-app-identifiers" is not present
2026-05-11 21:03:19 +0000 [MT] Entitlements for <IDEDistributionItem: 0xb32dad860; bundleID='oleksii.chumak.MeetMind', path='<DVTFilePath:0xb31f91560:'/Users/oleksiichumak/Developer/Xcode.projects/MeetMind/MeetMind_v123.xcarchive/Products/Applications/MeetMind.app'>', codeSigningInfo='<_DVTCodeSigningInformation_Path: 0xb32dad7a0; isSigned='1', isAdHocSigned='0', signingCertificate='<DVTSigningCertificate: 0xb33b6b9c0; name='Apple Development: oleksiichumak@icloud.com (7ZQJXJJY95)', hash='1F9E32F2F45D627643181561E33B428DA20E519F', serialNumber='D70F592BDD903A18325B2CFF99FEA98', certificateKinds='(
    "1.2.840.113635.100.6.1.12",
    "1.2.840.113635.100.6.1.2"
), issueDate='2026-05-06 13:30:29 +0000''>', entitlements='{
    "com.apple.security.app-sandbox" = 1;
    "com.apple.security.device.audio-input" = 1;
    "com.apple.security.files.downloads.read-write" = 1;
    "com.apple.security.files.user-selected.read-write" = 1;
    "com.apple.security.network.client" = 1;
}', teamID='72UFS7AJ5R', identifier='oleksii.chumak.MeetMind', executablePath='<DVTFilePath:0xb32dace40:'/Users/oleksiichumak/Developer/Xcode.projects/MeetMind/MeetMind_v123.xcarchive/Products/Applications/MeetMind.app/Contents/MacOS/MeetMind'>', hardenedRuntime='1'>'> are: {
    "com.apple.security.app-sandbox" = 1;
    "com.apple.security.device.audio-input" = 1;
    "com.apple.security.files.downloads.read-write" = 1;
    "com.apple.security.files.user-selected.read-write" = 1;
    "com.apple.security.network.client" = 1;
}
2026-05-11 21:03:19 +0000 [MT] Writing entitlements for <IDEDistributionItem: 0xb32dad860; bundleID='oleksii.chumak.MeetMind', path='<DVTFilePath:0xb31f91560:'/Users/oleksiichumak/Developer/Xcode.projects/MeetMind/MeetMind_v123.xcarchive/Products/Applications/MeetMind.app'>', codeSigningInfo='<_DVTCodeSigningInformation_Path: 0xb32dad7a0; isSigned='1', isAdHocSigned='0', signingCertificate='<DVTSigningCertificate: 0xb33b6b9c0; name='Apple Development: oleksiichumak@icloud.com (7ZQJXJJY95)', hash='1F9E32F2F45D627643181561E33B428DA20E519F', serialNumber='D70F592BDD903A18325B2CFF99FEA98', certificateKinds='(
    "1.2.840.113635.100.6.1.12",
    "1.2.840.113635.100.6.1.2"
), issueDate='2026-05-06 13:30:29 +0000''>', entitlements='{
    "com.apple.security.app-sandbox" = 1;
    "com.apple.security.device.audio-input" = 1;
    "com.apple.security.files.downloads.read-write" = 1;
    "com.apple.security.files.user-selected.read-write" = 1;
    "com.apple.security.network.client" = 1;
}', teamID='72UFS7AJ5R', identifier='oleksii.chumak.MeetMind', executablePath='<DVTFilePath:0xb32dace40:'/Users/oleksiichumak/Developer/Xcode.projects/MeetMind/MeetMind_v123.xcarchive/Products/Applications/MeetMind.app/Contents/MacOS/MeetMind'>', hardenedRuntime='1'>'> to: /var/folders/qc/430ysx8j1bz2tflsfj5sgpl80000gn/T/XcodeDistPipeline.~~~HWbdQV/entitlements~~~JmjzcM
2026-05-11 21:03:19 +0000 [MT] invoking codesign: <NSConcreteTask: 0xb332faad0; launchPath='/usr/bin/codesign', arguments='(
    "-f",
    "-s",
    1F9E32F2F45D627643181561E33B428DA20E519F,
    "--entitlements",
    "/var/folders/qc/430ysx8j1bz2tflsfj5sgpl80000gn/T/XcodeDistPipeline.~~~HWbdQV/entitlements~~~JmjzcM",
    "--preserve-metadata=identifier,flags,runtime,launch-constraints,library-constraints",
    "--generate-entitlement-der",
    "--strip-disallowed-xattrs",
    "-vvv",
    "/var/folders/qc/430ysx8j1bz2tflsfj5sgpl80000gn/T/XcodeDistPipeline.~~~HWbdQV/Root/Applications/MeetMind.app"
)'>
2026-05-11 21:03:20 +0000 [MT] codesign output: /var/folders/qc/430ysx8j1bz2tflsfj5sgpl80000gn/T/XcodeDistPipeline.~~~HWbdQV/Root/Applications/MeetMind.app: replacing existing signature
/var/folders/qc/430ysx8j1bz2tflsfj5sgpl80000gn/T/XcodeDistPipeline.~~~HWbdQV/Root/Applications/MeetMind.app: signed app bundle with Mach-O universal (x86_64 arm64) [oleksii.chumak.MeetMind]
2026-05-11 21:03:20 +0000 [MT] Processing step: IDEDistributionZipODRItemStep
2026-05-11 21:03:20 +0000 [MT] Skipping step: IDEDistributionZipODRItemStep because it said so
2026-05-11 21:03:20 +0000 [MT] Processing step: IDEDistributionSkipPackagingStep
2026-05-11 21:03:20 +0000 [MT] Processing step: IDEDistributionAppStoreInformationStep
2026-05-11 21:03:20 +0000 [MT] Skipping step: IDEDistributionAppStoreInformationStep because it said so
2026-05-11 21:03:20 +0000 [MT] Processing step: IDEDistributionGenerateProcessedDistributionItems
2026-05-11 21:03:20 +0000 [MT] IDEDistributionItem init <DVTFilePath:0xb32dae640:'/var/folders/qc/430ysx8j1bz2tflsfj5sgpl80000gn/T/XcodeDistPipeline.~~~HWbdQV/Root/Applications/MeetMind.app'>
2026-05-11 21:03:20 +0000 [MT] [OPTIONAL] Didn't find embedded provisioning profile for <DVTFilePath:0xb32dae640:'/var/folders/qc/430ysx8j1bz2tflsfj5sgpl80000gn/T/XcodeDistPipeline.~~~HWbdQV/Root/Applications/MeetMind.app'>: Error Domain=NSCocoaErrorDomain Code=4 "No file at <DVTFilePath:0xb32dd3e20:'/var/folders/qc/430ysx8j1bz2tflsfj5sgpl80000gn/T/XcodeDistPipeline.~~~HWbdQV/Root/Applications/MeetMind.app/Contents/embedded.provisionprofile'>" UserInfo={NSLocalizedDescription=No file at <DVTFilePath:0xb32dd3e20:'/var/folders/qc/430ysx8j1bz2tflsfj5sgpl80000gn/T/XcodeDistPipeline.~~~HWbdQV/Root/Applications/MeetMind.app/Contents/embedded.provisionprofile'>}
2026-05-11 21:03:20 +0000 [MT] Processing step: IDEDistributionCreateManifestStep
2026-05-11 21:03:20 +0000 [MT] Skipping step: IDEDistributionCreateManifestStep because it said so
