2026-05-11 21:22:42 +0000 [MT] Initial pipeline context: <IDEDistributionProcessingPipelineContext: 0x7334c5500; archive(resolved)="<IDEArchive: 0x73358c070>", distributionTask(resolved)="2", distributionDestination(resolved)="1", distributionMethod(resolved)="<IDEDistributionMethodDevelopmentSignedMac: 0x733fa3020>", team(resolved)="<IDEProvisioningBasicTeam: 0x7364d9060; teamID='72UFS7AJ5R', teamName='Oleksii Chumak'>">
	Chain (11, self inclusive):
	<IDEDistributionProcessingPipelineContext: 0x7334c5500; archive = "<IDEArchive: 0x73358c070>", distributionMethod="<IDEDistributionMethodDevelopmentSignedMac: 0x733fa3020>", team="<IDEProvisioningBasicTeam: 0x7364d9060; teamID='72UFS7AJ5R', teamName='Oleksii Chumak'>">
	<IDEDistributionProcessingPipelineContext: 0x7334c4c00; archive = "<IDEArchive: 0x73358c070>", distributionMethod="<IDEDistributionMethodDevelopmentSignedMac: 0x733fa3020>", team="<IDEProvisioningBasicTeam: 0x7364d9060; teamID='72UFS7AJ5R', teamName='Oleksii Chumak'>">
	<IDEDistributionContext: 0x733645180; archive = "<IDEArchive: 0x73358c070>", distributionMethod="<IDEDistributionMethodDevelopmentSignedMac: 0x733fa3020>", team="<IDEProvisioningBasicTeam: 0x7364d9060; teamID='72UFS7AJ5R', teamName='Oleksii Chumak'>">
	<IDEDistributionContext: 0x733644f00; archive = "<IDEArchive: 0x73358c070>", distributionMethod="<IDEDistributionMethodDevelopmentSignedMac: 0x733fa3020>", team="<IDEProvisioningBasicTeam: 0x7364d9060; teamID='72UFS7AJ5R', teamName='Oleksii Chumak'>">
	<IDEDistributionContext: 0x733644c80; archive = "<IDEArchive: 0x73358c070>", distributionMethod="<IDEDistributionMethodDevelopmentSignedMac: 0x733fa3020>", team="<IDEProvisioningBasicTeam: 0x7364d9060; teamID='72UFS7AJ5R', teamName='Oleksii Chumak'>">
	<IDEDistributionContext: 0x733644a00; archive = "<IDEArchive: 0x73358c070>", distributionMethod="<IDEDistributionMethodDevelopmentSignedMac: 0x733fa3020>", team="<IDEProvisioningBasicTeam: 0x7364d9060; teamID='72UFS7AJ5R', teamName='Oleksii Chumak'>">
	<IDEDistributionContext: 0x733644780; archive = "<IDEArchive: 0x73358c070>", distributionMethod="<IDEDistributionMethodDevelopmentSignedMac: 0x733fa3020>", team="<IDEProvisioningBasicTeam: 0x7364d9060; teamID='72UFS7AJ5R', teamName='Oleksii Chumak'>">
	<IDEDistributionContext: 0x733644500; archive = "<IDEArchive: 0x73358c070>", distributionMethod="<IDEDistributionMethodDevelopmentSignedMac: 0x733fa3020>", team="<IDEProvisioningBasicTeam: 0x7364d9060; teamID='72UFS7AJ5R', teamName='Oleksii Chumak'>">
	<IDEDistributionContext: 0x733644280; archive = "<IDEArchive: 0x73358c070>", distributionMethod="<IDEDistributionMethodDevelopmentSignedMac: 0x733fa3020>", team="(null)">
	<IDEDistributionContext: 0x733644000; archive = "<IDEArchive: 0x73358c070>", distributionMethod="<IDEDistributionMethodDevelopmentSignedMac: 0x733fa3020>", team="(null)">
	<IDEDistributionContext: 0x10337a870; archive = "<IDEArchive: 0x73358c070>", distributionMethod="(null)", team="(null)">
</IDEDistributionProcessingPipelineContext: 0x7334c5500>
2026-05-11 21:22:42 +0000 [MT] Processing step: IDEDistributionCreateDestRootStep
2026-05-11 21:22:42 +0000 [MT] Processing step: IDEDistributionCopyItemStep
2026-05-11 21:22:42 +0000 [MT] Running /usr/bin/ditto '-V' '/Users/oleksiichumak/Developer/Xcode.projects/MeetMind/MeetMind_v125.xcarchive/Products/Applications/MeetMind.app' '/var/folders/qc/430ysx8j1bz2tflsfj5sgpl80000gn/T/XcodeDistPipeline.~~~frYulF/Root/Applications/MeetMind.app'
2026-05-11 21:22:42 +0000  >>> Copying /Users/oleksiichumak/Developer/Xcode.projects/MeetMind/MeetMind_v125.xcarchive/Products/Applications/MeetMind.app 
2026-05-11 21:22:42 +0000  copying file ./Contents/_CodeSignature/CodeResources ... 
2026-05-11 21:22:42 +0000  3414 bytes for ./Contents/_CodeSignature/CodeResources
2026-05-11 21:22:42 +0000  copying file ./Contents/MacOS/MeetMind ... 
2026-05-11 21:22:42 +0000  14947600 bytes for ./Contents/MacOS/MeetMind
2026-05-11 21:22:42 +0000  copying file ./Contents/Resources/en.lproj/Localizable.strings ... 
2026-05-11 21:22:42 +0000  7148 bytes for ./Contents/Resources/en.lproj/Localizable.strings
2026-05-11 21:22:42 +0000  copying file ./Contents/Resources/uk.lproj/Localizable.strings ... 
2026-05-11 21:22:42 +0000  7290 bytes for ./Contents/Resources/uk.lproj/Localizable.strings
2026-05-11 21:22:42 +0000  copying file ./Contents/Resources/AppIcon.icns ... 
2026-05-11 21:22:42 +0000  159502 bytes for ./Contents/Resources/AppIcon.icns
2026-05-11 21:22:42 +0000  copying file ./Contents/Resources/Assets.car ... 
2026-05-11 21:22:42 +0000  3244808 bytes for ./Contents/Resources/Assets.car
2026-05-11 21:22:42 +0000  copying file ./Contents/Info.plist ... 
2026-05-11 21:22:42 +0000  1866 bytes for ./Contents/Info.plist
2026-05-11 21:22:42 +0000  copying file ./Contents/PkgInfo ... 
2026-05-11 21:22:42 +0000  8 bytes for ./Contents/PkgInfo
2026-05-11 21:22:42 +0000 [MT] /usr/bin/ditto exited with 0
2026-05-11 21:22:42 +0000 [MT] Processing step: IDEDistributionEmbedProfileStep
2026-05-11 21:22:42 +0000 [MT] Skipping profile for item: <IDEDistributionItem: 0x733526ac0; bundleID='oleksii.chumak.MeetMind', path='<DVTFilePath:0x7335257a0:'/Users/oleksiichumak/Developer/Xcode.projects/MeetMind/MeetMind_v125.xcarchive/Products/Applications/MeetMind.app'>', codeSigningInfo='<_DVTCodeSigningInformation_Path: 0x733526a60; isSigned='1', isAdHocSigned='0', signingCertificate='<DVTSigningCertificate: 0x736117840; name='Apple Development: oleksiichumak@icloud.com (7ZQJXJJY95)', hash='1F9E32F2F45D627643181561E33B428DA20E519F', serialNumber='D70F592BDD903A18325B2CFF99FEA98', certificateKinds='(
    "1.2.840.113635.100.6.1.12",
    "1.2.840.113635.100.6.1.2"
), issueDate='2026-05-06 13:30:29 +0000''>', entitlements='{
    "com.apple.security.app-sandbox" = 1;
    "com.apple.security.device.audio-input" = 1;
    "com.apple.security.files.downloads.read-write" = 1;
    "com.apple.security.files.user-selected.read-write" = 1;
    "com.apple.security.network.client" = 1;
}', teamID='72UFS7AJ5R', identifier='oleksii.chumak.MeetMind', executablePath='<DVTFilePath:0x733526040:'/Users/oleksiichumak/Developer/Xcode.projects/MeetMind/MeetMind_v125.xcarchive/Products/Applications/MeetMind.app/Contents/MacOS/MeetMind'>', hardenedRuntime='1'>'>
2026-05-11 21:22:42 +0000 [MT] Processing step: IDEDistributionInfoPlistStep
2026-05-11 21:22:42 +0000 [MT] Skipping step: IDEDistributionInfoPlistStep because it said so
2026-05-11 21:22:42 +0000 [MT] Processing step: IDEDistributionAppThinningPlistStep
2026-05-11 21:22:42 +0000 [MT] Processing step: IDEDistributionSymbolsStep
2026-05-11 21:22:42 +0000 [MT] Skipping step: IDEDistributionSymbolsStep because it said so
2026-05-11 21:22:42 +0000 [MT] Processing step: IDEDistributionAppThinningStep
2026-05-11 21:22:42 +0000 [MT] Skipping step: IDEDistributionAppThinningStep because it said so
2026-05-11 21:22:42 +0000 [MT] Processing step: IDEDistributionArchThinningStep
2026-05-11 21:22:42 +0000 [MT] Archs to thin for item /Users/oleksiichumak/Developer/Xcode.projects/MeetMind/MeetMind_v125.xcarchive/Products/Applications/MeetMind.app are []
2026-05-11 21:22:42 +0000 [MT] Processing step: IDEDistributionODRStep
2026-05-11 21:22:42 +0000 [MT] Processing step: IDEDistributionStripXattrsStep
2026-05-11 21:22:42 +0000 [MT] Skipping stripping extended attributes because the codesign step will strip them.
2026-05-11 21:22:42 +0000 [MT] Processing step: IDEDistributionCodesignStep
2026-05-11 21:22:42 +0000 [MT] Entitlements for <IDEDistributionItem: 0x733526ac0; bundleID='oleksii.chumak.MeetMind', path='<DVTFilePath:0x7335257a0:'/Users/oleksiichumak/Developer/Xcode.projects/MeetMind/MeetMind_v125.xcarchive/Products/Applications/MeetMind.app'>', codeSigningInfo='<_DVTCodeSigningInformation_Path: 0x733526a60; isSigned='1', isAdHocSigned='0', signingCertificate='<DVTSigningCertificate: 0x736117840; name='Apple Development: oleksiichumak@icloud.com (7ZQJXJJY95)', hash='1F9E32F2F45D627643181561E33B428DA20E519F', serialNumber='D70F592BDD903A18325B2CFF99FEA98', certificateKinds='(
    "1.2.840.113635.100.6.1.12",
    "1.2.840.113635.100.6.1.2"
), issueDate='2026-05-06 13:30:29 +0000''>', entitlements='{
    "com.apple.security.app-sandbox" = 1;
    "com.apple.security.device.audio-input" = 1;
    "com.apple.security.files.downloads.read-write" = 1;
    "com.apple.security.files.user-selected.read-write" = 1;
    "com.apple.security.network.client" = 1;
}', teamID='72UFS7AJ5R', identifier='oleksii.chumak.MeetMind', executablePath='<DVTFilePath:0x733526040:'/Users/oleksiichumak/Developer/Xcode.projects/MeetMind/MeetMind_v125.xcarchive/Products/Applications/MeetMind.app/Contents/MacOS/MeetMind'>', hardenedRuntime='1'>'>: {
    "com.apple.security.app-sandbox" = 1;
    "com.apple.security.device.audio-input" = 1;
    "com.apple.security.files.downloads.read-write" = 1;
    "com.apple.security.files.user-selected.read-write" = 1;
    "com.apple.security.network.client" = 1;
}
2026-05-11 21:22:42 +0000 [MT] Associated App Clip Identifiers Filter: Skipping because "com.apple.developer.associated-appclip-app-identifiers" is not present
2026-05-11 21:22:42 +0000 [MT] Entitlements for <IDEDistributionItem: 0x733526ac0; bundleID='oleksii.chumak.MeetMind', path='<DVTFilePath:0x7335257a0:'/Users/oleksiichumak/Developer/Xcode.projects/MeetMind/MeetMind_v125.xcarchive/Products/Applications/MeetMind.app'>', codeSigningInfo='<_DVTCodeSigningInformation_Path: 0x733526a60; isSigned='1', isAdHocSigned='0', signingCertificate='<DVTSigningCertificate: 0x736117240; name='Apple Development: oleksiichumak@icloud.com (7ZQJXJJY95)', hash='1F9E32F2F45D627643181561E33B428DA20E519F', serialNumber='D70F592BDD903A18325B2CFF99FEA98', certificateKinds='(
    "1.2.840.113635.100.6.1.12",
    "1.2.840.113635.100.6.1.2"
), issueDate='2026-05-06 13:30:29 +0000''>', entitlements='{
    "com.apple.security.app-sandbox" = 1;
    "com.apple.security.device.audio-input" = 1;
    "com.apple.security.files.downloads.read-write" = 1;
    "com.apple.security.files.user-selected.read-write" = 1;
    "com.apple.security.network.client" = 1;
}', teamID='72UFS7AJ5R', identifier='oleksii.chumak.MeetMind', executablePath='<DVTFilePath:0x733526040:'/Users/oleksiichumak/Developer/Xcode.projects/MeetMind/MeetMind_v125.xcarchive/Products/Applications/MeetMind.app/Contents/MacOS/MeetMind'>', hardenedRuntime='1'>'> are: {
    "com.apple.security.app-sandbox" = 1;
    "com.apple.security.device.audio-input" = 1;
    "com.apple.security.files.downloads.read-write" = 1;
    "com.apple.security.files.user-selected.read-write" = 1;
    "com.apple.security.network.client" = 1;
}
2026-05-11 21:22:42 +0000 [MT] Writing entitlements for <IDEDistributionItem: 0x733526ac0; bundleID='oleksii.chumak.MeetMind', path='<DVTFilePath:0x7335257a0:'/Users/oleksiichumak/Developer/Xcode.projects/MeetMind/MeetMind_v125.xcarchive/Products/Applications/MeetMind.app'>', codeSigningInfo='<_DVTCodeSigningInformation_Path: 0x733526a60; isSigned='1', isAdHocSigned='0', signingCertificate='<DVTSigningCertificate: 0x736117240; name='Apple Development: oleksiichumak@icloud.com (7ZQJXJJY95)', hash='1F9E32F2F45D627643181561E33B428DA20E519F', serialNumber='D70F592BDD903A18325B2CFF99FEA98', certificateKinds='(
    "1.2.840.113635.100.6.1.12",
    "1.2.840.113635.100.6.1.2"
), issueDate='2026-05-06 13:30:29 +0000''>', entitlements='{
    "com.apple.security.app-sandbox" = 1;
    "com.apple.security.device.audio-input" = 1;
    "com.apple.security.files.downloads.read-write" = 1;
    "com.apple.security.files.user-selected.read-write" = 1;
    "com.apple.security.network.client" = 1;
}', teamID='72UFS7AJ5R', identifier='oleksii.chumak.MeetMind', executablePath='<DVTFilePath:0x733526040:'/Users/oleksiichumak/Developer/Xcode.projects/MeetMind/MeetMind_v125.xcarchive/Products/Applications/MeetMind.app/Contents/MacOS/MeetMind'>', hardenedRuntime='1'>'> to: /var/folders/qc/430ysx8j1bz2tflsfj5sgpl80000gn/T/XcodeDistPipeline.~~~frYulF/entitlements~~~iOwQm3
2026-05-11 21:22:42 +0000 [MT] invoking codesign: <NSConcreteTask: 0x73657e260; launchPath='/usr/bin/codesign', arguments='(
    "-f",
    "-s",
    1F9E32F2F45D627643181561E33B428DA20E519F,
    "--entitlements",
    "/var/folders/qc/430ysx8j1bz2tflsfj5sgpl80000gn/T/XcodeDistPipeline.~~~frYulF/entitlements~~~iOwQm3",
    "--preserve-metadata=identifier,flags,runtime,launch-constraints,library-constraints",
    "--generate-entitlement-der",
    "--strip-disallowed-xattrs",
    "-vvv",
    "/var/folders/qc/430ysx8j1bz2tflsfj5sgpl80000gn/T/XcodeDistPipeline.~~~frYulF/Root/Applications/MeetMind.app"
)'>
2026-05-11 21:22:42 +0000 [MT] codesign output: /var/folders/qc/430ysx8j1bz2tflsfj5sgpl80000gn/T/XcodeDistPipeline.~~~frYulF/Root/Applications/MeetMind.app: replacing existing signature
/var/folders/qc/430ysx8j1bz2tflsfj5sgpl80000gn/T/XcodeDistPipeline.~~~frYulF/Root/Applications/MeetMind.app: signed app bundle with Mach-O universal (x86_64 arm64) [oleksii.chumak.MeetMind]
2026-05-11 21:22:42 +0000 [MT] Processing step: IDEDistributionZipODRItemStep
2026-05-11 21:22:42 +0000 [MT] Skipping step: IDEDistributionZipODRItemStep because it said so
2026-05-11 21:22:42 +0000 [MT] Processing step: IDEDistributionSkipPackagingStep
2026-05-11 21:22:42 +0000 [MT] Processing step: IDEDistributionAppStoreInformationStep
2026-05-11 21:22:42 +0000 [MT] Skipping step: IDEDistributionAppStoreInformationStep because it said so
2026-05-11 21:22:42 +0000 [MT] Processing step: IDEDistributionGenerateProcessedDistributionItems
2026-05-11 21:22:42 +0000 [MT] IDEDistributionItem init <DVTFilePath:0x734ec81e0:'/var/folders/qc/430ysx8j1bz2tflsfj5sgpl80000gn/T/XcodeDistPipeline.~~~frYulF/Root/Applications/MeetMind.app'>
2026-05-11 21:22:42 +0000 [MT] [OPTIONAL] Didn't find embedded provisioning profile for <DVTFilePath:0x734ec81e0:'/var/folders/qc/430ysx8j1bz2tflsfj5sgpl80000gn/T/XcodeDistPipeline.~~~frYulF/Root/Applications/MeetMind.app'>: Error Domain=NSCocoaErrorDomain Code=4 "No file at <DVTFilePath:0x73377bf70:'/var/folders/qc/430ysx8j1bz2tflsfj5sgpl80000gn/T/XcodeDistPipeline.~~~frYulF/Root/Applications/MeetMind.app/Contents/embedded.provisionprofile'>" UserInfo={NSLocalizedDescription=No file at <DVTFilePath:0x73377bf70:'/var/folders/qc/430ysx8j1bz2tflsfj5sgpl80000gn/T/XcodeDistPipeline.~~~frYulF/Root/Applications/MeetMind.app/Contents/embedded.provisionprofile'>}
2026-05-11 21:22:42 +0000 [MT] Processing step: IDEDistributionCreateManifestStep
2026-05-11 21:22:42 +0000 [MT] Skipping step: IDEDistributionCreateManifestStep because it said so
